[2023-04-21 00:50:21,917] 	INFO 	23 	id_data.py 	<module>() 	ID Data Started
[2023-04-21 00:50:28,888] 	INFO 	74 	id_data.py 	<module>() 	ID Data Ended
[2023-04-21 00:54:44,529] 	INFO 	26 	day_data.py 	<module>() 	Day Data Started
[2023-04-21 00:54:48,504] 	INFO 	68 	day_data.py 	<module>() 	Day Data Ended
[2023-04-21 00:54:49,577] 	INFO 	36 	pair_data.py 	<module>() 	Pair Data Started
[2023-04-21 00:55:04,311] 	INFO 	101 	pair_data.py 	<module>() 	Pair Data Ended
[2023-04-21 00:55:05,186] 	INFO 	38 	bribe_data.py 	<module>() 	Bribe Data Started
[2023-04-21 00:56:15,030] 	INFO 	152 	bribe_data.py 	<module>() 	Bribe Data Ended
[2023-04-21 02:01:28,565] 	INFO 	23 	id_data.py 	<module>() 	ID Data Started
[2023-04-21 02:01:42,190] 	INFO 	74 	id_data.py 	<module>() 	ID Data Ended
[2023-04-21 03:10:37,089] 	INFO 	23 	id_data.py 	<module>() 	ID Data Started
[2023-04-21 03:10:43,609] 	INFO 	74 	id_data.py 	<module>() 	ID Data Ended
[2023-04-21 03:11:26,924] 	INFO 	26 	day_data.py 	<module>() 	Day Data Started
[2023-04-21 03:11:30,283] 	INFO 	68 	day_data.py 	<module>() 	Day Data Ended
[2023-04-21 03:11:31,538] 	INFO 	36 	pair_data.py 	<module>() 	Pair Data Started
[2023-04-21 03:11:48,707] 	INFO 	101 	pair_data.py 	<module>() 	Pair Data Ended
[2023-04-21 03:11:49,819] 	INFO 	38 	bribe_data.py 	<module>() 	Bribe Data Started
[2023-04-21 03:12:54,210] 	INFO 	152 	bribe_data.py 	<module>() 	Bribe Data Ended
[2023-04-21 04:11:54,430] 	INFO 	23 	id_data.py 	<module>() 	ID Data Started
[2023-04-21 04:12:00,550] 	INFO 	74 	id_data.py 	<module>() 	ID Data Ended
[2023-04-21 04:13:00,232] 	INFO 	26 	day_data.py 	<module>() 	Day Data Started
[2023-04-21 04:13:03,724] 	INFO 	68 	day_data.py 	<module>() 	Day Data Ended
[2023-04-21 04:13:04,726] 	INFO 	36 	pair_data.py 	<module>() 	Pair Data Started
[2023-04-21 04:13:19,061] 	INFO 	101 	pair_data.py 	<module>() 	Pair Data Ended
[2023-04-21 04:13:19,967] 	INFO 	38 	bribe_data.py 	<module>() 	Bribe Data Started
[2023-04-21 04:14:29,948] 	INFO 	152 	bribe_data.py 	<module>() 	Bribe Data Ended
[2023-04-21 05:09:45,121] 	INFO 	23 	id_data.py 	<module>() 	ID Data Started
[2023-04-21 05:09:51,481] 	INFO 	74 	id_data.py 	<module>() 	ID Data Ended
[2023-04-21 06:13:27,133] 	INFO 	23 	id_data.py 	<module>() 	ID Data Started
[2023-04-21 06:13:33,528] 	INFO 	74 	id_data.py 	<module>() 	ID Data Ended
[2023-04-21 06:14:13,559] 	INFO 	26 	day_data.py 	<module>() 	Day Data Started
[2023-04-21 06:14:16,295] 	INFO 	68 	day_data.py 	<module>() 	Day Data Ended
[2023-04-21 06:14:17,345] 	INFO 	36 	pair_data.py 	<module>() 	Pair Data Started
[2023-04-21 06:14:25,763] 	INFO 	101 	pair_data.py 	<module>() 	Pair Data Ended
[2023-04-21 06:14:26,662] 	INFO 	38 	bribe_data.py 	<module>() 	Bribe Data Started
[2023-04-21 06:15:20,715] 	INFO 	152 	bribe_data.py 	<module>() 	Bribe Data Ended
[2023-04-21 07:09:08,426] 	INFO 	23 	id_data.py 	<module>() 	ID Data Started
[2023-04-21 07:09:15,414] 	INFO 	74 	id_data.py 	<module>() 	ID Data Ended
[2023-04-21 07:10:14,579] 	INFO 	26 	day_data.py 	<module>() 	Day Data Started
[2023-04-21 07:10:18,091] 	INFO 	68 	day_data.py 	<module>() 	Day Data Ended
[2023-04-21 07:10:19,764] 	INFO 	36 	pair_data.py 	<module>() 	Pair Data Started
[2023-04-21 07:10:41,552] 	INFO 	101 	pair_data.py 	<module>() 	Pair Data Ended
[2023-04-21 07:10:42,778] 	INFO 	38 	bribe_data.py 	<module>() 	Bribe Data Started
[2023-04-21 07:11:55,440] 	INFO 	152 	bribe_data.py 	<module>() 	Bribe Data Ended
[2023-04-21 08:12:34,845] 	INFO 	23 	id_data.py 	<module>() 	ID Data Started
[2023-04-21 08:12:42,592] 	INFO 	74 	id_data.py 	<module>() 	ID Data Ended
[2023-04-21 08:13:37,303] 	INFO 	26 	day_data.py 	<module>() 	Day Data Started
[2023-04-21 08:13:40,627] 	INFO 	68 	day_data.py 	<module>() 	Day Data Ended
[2023-04-21 08:13:41,662] 	INFO 	36 	pair_data.py 	<module>() 	Pair Data Started
[2023-04-21 08:13:53,931] 	INFO 	101 	pair_data.py 	<module>() 	Pair Data Ended
[2023-04-21 08:13:54,785] 	INFO 	38 	bribe_data.py 	<module>() 	Bribe Data Started
[2023-04-21 08:14:56,914] 	INFO 	152 	bribe_data.py 	<module>() 	Bribe Data Ended
[2023-04-21 09:10:06,920] 	INFO 	23 	id_data.py 	<module>() 	ID Data Started
[2023-04-21 09:10:12,182] 	INFO 	74 	id_data.py 	<module>() 	ID Data Ended
[2023-04-21 09:10:51,355] 	INFO 	26 	day_data.py 	<module>() 	Day Data Started
[2023-04-21 09:10:54,708] 	INFO 	68 	day_data.py 	<module>() 	Day Data Ended
[2023-04-21 09:10:55,929] 	INFO 	36 	pair_data.py 	<module>() 	Pair Data Started
[2023-04-21 09:11:09,878] 	INFO 	101 	pair_data.py 	<module>() 	Pair Data Ended
[2023-04-21 09:11:10,828] 	INFO 	38 	bribe_data.py 	<module>() 	Bribe Data Started
[2023-04-21 09:12:06,688] 	INFO 	152 	bribe_data.py 	<module>() 	Bribe Data Ended
[2023-04-21 10:10:18,016] 	INFO 	23 	id_data.py 	<module>() 	ID Data Started
[2023-04-21 10:10:24,009] 	INFO 	74 	id_data.py 	<module>() 	ID Data Ended
[2023-04-21 10:11:34,677] 	INFO 	26 	day_data.py 	<module>() 	Day Data Started
[2023-04-21 10:11:37,210] 	INFO 	68 	day_data.py 	<module>() 	Day Data Ended
[2023-04-21 10:11:38,153] 	INFO 	36 	pair_data.py 	<module>() 	Pair Data Started
[2023-04-21 10:11:46,692] 	INFO 	101 	pair_data.py 	<module>() 	Pair Data Ended
[2023-04-21 10:11:47,601] 	INFO 	38 	bribe_data.py 	<module>() 	Bribe Data Started
[2023-04-21 10:12:41,402] 	INFO 	152 	bribe_data.py 	<module>() 	Bribe Data Ended
[2023-04-21 11:08:21,996] 	INFO 	23 	id_data.py 	<module>() 	ID Data Started
[2023-04-21 11:08:28,838] 	INFO 	74 	id_data.py 	<module>() 	ID Data Ended
[2023-04-21 11:09:01,817] 	INFO 	26 	day_data.py 	<module>() 	Day Data Started
[2023-04-21 11:09:05,210] 	INFO 	68 	day_data.py 	<module>() 	Day Data Ended
[2023-04-21 11:09:06,339] 	INFO 	36 	pair_data.py 	<module>() 	Pair Data Started
[2023-04-21 11:09:23,850] 	INFO 	101 	pair_data.py 	<module>() 	Pair Data Ended
[2023-04-21 11:09:24,710] 	INFO 	38 	bribe_data.py 	<module>() 	Bribe Data Started
[2023-04-21 11:10:20,337] 	INFO 	152 	bribe_data.py 	<module>() 	Bribe Data Ended
[2023-04-21 12:18:12,616] 	INFO 	23 	id_data.py 	<module>() 	ID Data Started
[2023-04-21 12:18:19,503] 	INFO 	74 	id_data.py 	<module>() 	ID Data Ended
[2023-04-21 12:19:58,693] 	INFO 	26 	day_data.py 	<module>() 	Day Data Started
[2023-04-21 12:20:01,247] 	INFO 	68 	day_data.py 	<module>() 	Day Data Ended
[2023-04-21 12:20:02,365] 	INFO 	36 	pair_data.py 	<module>() 	Pair Data Started
[2023-04-21 12:20:34,589] 	INFO 	101 	pair_data.py 	<module>() 	Pair Data Ended
[2023-04-21 12:20:35,522] 	INFO 	38 	bribe_data.py 	<module>() 	Bribe Data Started
[2023-04-21 12:21:47,352] 	INFO 	152 	bribe_data.py 	<module>() 	Bribe Data Ended
[2023-04-21 13:12:40,117] 	INFO 	23 	id_data.py 	<module>() 	ID Data Started
[2023-04-21 13:12:47,472] 	INFO 	74 	id_data.py 	<module>() 	ID Data Ended
[2023-04-21 13:13:28,921] 	INFO 	26 	day_data.py 	<module>() 	Day Data Started
[2023-04-21 13:13:32,015] 	INFO 	68 	day_data.py 	<module>() 	Day Data Ended
[2023-04-21 13:13:32,995] 	INFO 	36 	pair_data.py 	<module>() 	Pair Data Started
[2023-04-21 13:13:44,106] 	INFO 	101 	pair_data.py 	<module>() 	Pair Data Ended
[2023-04-21 13:13:44,970] 	INFO 	38 	bribe_data.py 	<module>() 	Bribe Data Started
[2023-04-21 13:14:42,512] 	INFO 	152 	bribe_data.py 	<module>() 	Bribe Data Ended
[2023-04-21 14:09:12,457] 	INFO 	23 	id_data.py 	<module>() 	ID Data Started
[2023-04-21 14:09:19,225] 	INFO 	74 	id_data.py 	<module>() 	ID Data Ended
[2023-04-21 14:10:00,026] 	INFO 	26 	day_data.py 	<module>() 	Day Data Started
[2023-04-21 14:10:02,524] 	INFO 	68 	day_data.py 	<module>() 	Day Data Ended
[2023-04-21 14:10:03,744] 	INFO 	36 	pair_data.py 	<module>() 	Pair Data Started
[2023-04-21 14:10:25,336] 	INFO 	101 	pair_data.py 	<module>() 	Pair Data Ended
[2023-04-21 14:10:26,541] 	INFO 	38 	bribe_data.py 	<module>() 	Bribe Data Started
[2023-04-21 14:11:42,382] 	INFO 	152 	bribe_data.py 	<module>() 	Bribe Data Ended
[2023-04-21 15:10:05,232] 	INFO 	23 	id_data.py 	<module>() 	ID Data Started
[2023-04-21 15:10:11,821] 	INFO 	74 	id_data.py 	<module>() 	ID Data Ended
[2023-04-21 15:10:53,571] 	INFO 	26 	day_data.py 	<module>() 	Day Data Started
[2023-04-21 15:10:55,884] 	INFO 	68 	day_data.py 	<module>() 	Day Data Ended
[2023-04-21 15:10:56,998] 	INFO 	36 	pair_data.py 	<module>() 	Pair Data Started
[2023-04-21 15:11:07,953] 	INFO 	101 	pair_data.py 	<module>() 	Pair Data Ended
[2023-04-21 15:11:08,891] 	INFO 	38 	bribe_data.py 	<module>() 	Bribe Data Started
[2023-04-21 15:12:12,741] 	INFO 	152 	bribe_data.py 	<module>() 	Bribe Data Ended
[2023-04-21 16:12:31,330] 	INFO 	23 	id_data.py 	<module>() 	ID Data Started
[2023-04-21 16:12:38,669] 	INFO 	74 	id_data.py 	<module>() 	ID Data Ended
[2023-04-21 16:13:47,151] 	INFO 	26 	day_data.py 	<module>() 	Day Data Started
[2023-04-21 16:13:50,058] 	INFO 	68 	day_data.py 	<module>() 	Day Data Ended
[2023-04-21 16:13:50,978] 	INFO 	36 	pair_data.py 	<module>() 	Pair Data Started
[2023-04-21 16:14:07,563] 	INFO 	101 	pair_data.py 	<module>() 	Pair Data Ended
[2023-04-21 16:14:08,446] 	INFO 	38 	bribe_data.py 	<module>() 	Bribe Data Started
[2023-04-21 16:15:17,704] 	INFO 	152 	bribe_data.py 	<module>() 	Bribe Data Ended
[2023-04-21 17:08:56,350] 	INFO 	23 	id_data.py 	<module>() 	ID Data Started
[2023-04-21 17:09:03,522] 	INFO 	74 	id_data.py 	<module>() 	ID Data Ended
[2023-04-21 17:09:49,357] 	INFO 	26 	day_data.py 	<module>() 	Day Data Started
[2023-04-21 17:09:53,005] 	INFO 	68 	day_data.py 	<module>() 	Day Data Ended
[2023-04-21 17:09:53,935] 	INFO 	36 	pair_data.py 	<module>() 	Pair Data Started
[2023-04-21 17:10:14,306] 	INFO 	101 	pair_data.py 	<module>() 	Pair Data Ended
[2023-04-21 17:10:15,190] 	INFO 	38 	bribe_data.py 	<module>() 	Bribe Data Started
[2023-04-21 17:11:14,512] 	INFO 	152 	bribe_data.py 	<module>() 	Bribe Data Ended
[2023-04-21 18:12:10,765] 	INFO 	23 	id_data.py 	<module>() 	ID Data Started
[2023-04-21 18:12:18,612] 	INFO 	74 	id_data.py 	<module>() 	ID Data Ended
[2023-04-21 18:13:27,585] 	INFO 	26 	day_data.py 	<module>() 	Day Data Started
[2023-04-21 18:13:31,057] 	INFO 	68 	day_data.py 	<module>() 	Day Data Ended
[2023-04-21 18:13:32,354] 	INFO 	36 	pair_data.py 	<module>() 	Pair Data Started
[2023-04-21 18:13:50,636] 	INFO 	101 	pair_data.py 	<module>() 	Pair Data Ended
[2023-04-21 18:13:51,705] 	INFO 	38 	bribe_data.py 	<module>() 	Bribe Data Started
[2023-04-21 18:14:51,868] 	INFO 	152 	bribe_data.py 	<module>() 	Bribe Data Ended
[2023-04-21 19:07:59,653] 	INFO 	23 	id_data.py 	<module>() 	ID Data Started
[2023-04-21 19:08:06,775] 	INFO 	74 	id_data.py 	<module>() 	ID Data Ended
[2023-04-21 19:08:53,828] 	INFO 	26 	day_data.py 	<module>() 	Day Data Started
[2023-04-21 19:08:56,462] 	INFO 	68 	day_data.py 	<module>() 	Day Data Ended
[2023-04-21 19:08:57,804] 	INFO 	36 	pair_data.py 	<module>() 	Pair Data Started
[2023-04-21 19:09:18,969] 	INFO 	101 	pair_data.py 	<module>() 	Pair Data Ended
[2023-04-21 19:09:20,222] 	INFO 	38 	bribe_data.py 	<module>() 	Bribe Data Started
[2023-04-21 19:10:34,705] 	INFO 	152 	bribe_data.py 	<module>() 	Bribe Data Ended
[2023-04-21 20:10:08,621] 	INFO 	23 	id_data.py 	<module>() 	ID Data Started
[2023-04-21 20:10:15,547] 	INFO 	74 	id_data.py 	<module>() 	ID Data Ended
[2023-04-21 20:11:20,766] 	INFO 	26 	day_data.py 	<module>() 	Day Data Started
[2023-04-21 20:11:24,033] 	INFO 	68 	day_data.py 	<module>() 	Day Data Ended
[2023-04-21 20:11:25,470] 	INFO 	36 	pair_data.py 	<module>() 	Pair Data Started
[2023-04-21 20:11:46,124] 	INFO 	101 	pair_data.py 	<module>() 	Pair Data Ended
[2023-04-21 20:11:47,374] 	INFO 	38 	bribe_data.py 	<module>() 	Bribe Data Started
[2023-04-21 20:12:54,580] 	INFO 	152 	bribe_data.py 	<module>() 	Bribe Data Ended
[2023-04-21 21:08:38,316] 	INFO 	23 	id_data.py 	<module>() 	ID Data Started
[2023-04-21 21:08:45,610] 	INFO 	74 	id_data.py 	<module>() 	ID Data Ended
