[2023-05-12 00:51:35,985] 	INFO 	23 	id_data.py 	<module>() 	ID Data Started
[2023-05-12 00:51:47,838] 	INFO 	74 	id_data.py 	<module>() 	ID Data Ended
[2023-05-12 00:55:25,750] 	INFO 	26 	day_data.py 	<module>() 	Day Data Started
[2023-05-12 00:55:29,496] 	INFO 	68 	day_data.py 	<module>() 	Day Data Ended
[2023-05-12 00:55:30,981] 	INFO 	36 	pair_data.py 	<module>() 	Pair Data Started
[2023-05-12 00:55:55,234] 	INFO 	101 	pair_data.py 	<module>() 	Pair Data Ended
[2023-05-12 00:55:56,357] 	INFO 	38 	bribe_data.py 	<module>() 	Bribe Data Started
[2023-05-12 00:57:34,355] 	INFO 	152 	bribe_data.py 	<module>() 	Bribe Data Ended
[2023-05-12 01:58:48,744] 	INFO 	23 	id_data.py 	<module>() 	ID Data Started
[2023-05-12 01:58:57,142] 	INFO 	74 	id_data.py 	<module>() 	ID Data Ended
[2023-05-12 02:30:13,055] 	INFO 	23 	id_data.py 	<module>() 	ID Data Started
[2023-05-12 02:30:24,901] 	INFO 	74 	id_data.py 	<module>() 	ID Data Ended
[2023-05-12 02:32:04,156] 	INFO 	26 	day_data.py 	<module>() 	Day Data Started
[2023-05-12 02:32:07,228] 	INFO 	68 	day_data.py 	<module>() 	Day Data Ended
[2023-05-12 02:32:08,429] 	INFO 	36 	pair_data.py 	<module>() 	Pair Data Started
[2023-05-12 02:32:28,498] 	INFO 	101 	pair_data.py 	<module>() 	Pair Data Ended
[2023-05-12 02:32:29,490] 	INFO 	38 	bribe_data.py 	<module>() 	Bribe Data Started
[2023-05-12 02:33:42,453] 	INFO 	152 	bribe_data.py 	<module>() 	Bribe Data Ended
[2023-05-12 03:10:33,383] 	INFO 	23 	id_data.py 	<module>() 	ID Data Started
[2023-05-12 03:10:42,278] 	INFO 	74 	id_data.py 	<module>() 	ID Data Ended
[2023-05-12 03:11:13,094] 	INFO 	26 	day_data.py 	<module>() 	Day Data Started
[2023-05-12 03:11:15,461] 	INFO 	68 	day_data.py 	<module>() 	Day Data Ended
[2023-05-12 03:11:16,711] 	INFO 	36 	pair_data.py 	<module>() 	Pair Data Started
[2023-05-12 03:11:27,880] 	INFO 	101 	pair_data.py 	<module>() 	Pair Data Ended
[2023-05-12 03:11:28,843] 	INFO 	38 	bribe_data.py 	<module>() 	Bribe Data Started
[2023-05-12 03:12:34,155] 	INFO 	152 	bribe_data.py 	<module>() 	Bribe Data Ended
[2023-05-12 04:11:29,576] 	INFO 	23 	id_data.py 	<module>() 	ID Data Started
[2023-05-12 04:11:37,122] 	INFO 	74 	id_data.py 	<module>() 	ID Data Ended
