[2023-04-24 00:52:24,213] 	INFO 	23 	id_data.py 	<module>() 	ID Data Started
[2023-04-24 00:52:30,583] 	INFO 	74 	id_data.py 	<module>() 	ID Data Ended
[2023-04-24 00:56:45,612] 	INFO 	26 	day_data.py 	<module>() 	Day Data Started
[2023-04-24 00:56:49,468] 	INFO 	68 	day_data.py 	<module>() 	Day Data Ended
[2023-04-24 00:56:50,732] 	INFO 	36 	pair_data.py 	<module>() 	Pair Data Started
[2023-04-24 00:57:10,306] 	INFO 	101 	pair_data.py 	<module>() 	Pair Data Ended
[2023-04-24 00:57:11,283] 	INFO 	38 	bribe_data.py 	<module>() 	Bribe Data Started
[2023-04-24 00:58:30,491] 	INFO 	152 	bribe_data.py 	<module>() 	Bribe Data Ended
[2023-04-24 02:03:55,600] 	INFO 	23 	id_data.py 	<module>() 	ID Data Started
[2023-04-24 02:04:02,437] 	INFO 	74 	id_data.py 	<module>() 	ID Data Ended
[2023-04-24 02:05:45,547] 	INFO 	26 	day_data.py 	<module>() 	Day Data Started
[2023-04-24 02:05:48,845] 	INFO 	68 	day_data.py 	<module>() 	Day Data Ended
[2023-04-24 02:05:50,241] 	INFO 	36 	pair_data.py 	<module>() 	Pair Data Started
[2023-04-24 02:06:10,211] 	INFO 	101 	pair_data.py 	<module>() 	Pair Data Ended
[2023-04-24 02:06:11,457] 	INFO 	38 	bribe_data.py 	<module>() 	Bribe Data Started
[2023-04-24 02:07:42,844] 	INFO 	152 	bribe_data.py 	<module>() 	Bribe Data Ended
[2023-04-24 03:10:54,523] 	INFO 	23 	id_data.py 	<module>() 	ID Data Started
[2023-04-24 03:11:01,632] 	INFO 	74 	id_data.py 	<module>() 	ID Data Ended
[2023-04-24 03:11:57,436] 	INFO 	26 	day_data.py 	<module>() 	Day Data Started
[2023-04-24 03:12:00,560] 	INFO 	68 	day_data.py 	<module>() 	Day Data Ended
[2023-04-24 03:12:01,959] 	INFO 	36 	pair_data.py 	<module>() 	Pair Data Started
[2023-04-24 03:12:21,467] 	INFO 	101 	pair_data.py 	<module>() 	Pair Data Ended
[2023-04-24 03:12:22,582] 	INFO 	38 	bribe_data.py 	<module>() 	Bribe Data Started
[2023-04-24 03:13:48,163] 	INFO 	152 	bribe_data.py 	<module>() 	Bribe Data Ended
[2023-04-24 04:12:29,479] 	INFO 	23 	id_data.py 	<module>() 	ID Data Started
[2023-04-24 04:12:36,002] 	INFO 	74 	id_data.py 	<module>() 	ID Data Ended
[2023-04-24 04:13:25,485] 	INFO 	26 	day_data.py 	<module>() 	Day Data Started
[2023-04-24 04:13:27,885] 	INFO 	68 	day_data.py 	<module>() 	Day Data Ended
[2023-04-24 04:13:28,888] 	INFO 	36 	pair_data.py 	<module>() 	Pair Data Started
[2023-04-24 04:13:50,462] 	INFO 	101 	pair_data.py 	<module>() 	Pair Data Ended
[2023-04-24 04:13:51,440] 	INFO 	38 	bribe_data.py 	<module>() 	Bribe Data Started
[2023-04-24 04:14:58,344] 	INFO 	152 	bribe_data.py 	<module>() 	Bribe Data Ended
[2023-04-24 05:10:05,105] 	INFO 	23 	id_data.py 	<module>() 	ID Data Started
[2023-04-24 05:10:15,604] 	INFO 	74 	id_data.py 	<module>() 	ID Data Ended
[2023-04-24 06:13:33,039] 	INFO 	23 	id_data.py 	<module>() 	ID Data Started
[2023-04-24 06:13:39,503] 	INFO 	74 	id_data.py 	<module>() 	ID Data Ended
[2023-04-24 06:14:43,267] 	INFO 	26 	day_data.py 	<module>() 	Day Data Started
[2023-04-24 06:14:47,116] 	INFO 	68 	day_data.py 	<module>() 	Day Data Ended
[2023-04-24 06:14:48,503] 	INFO 	36 	pair_data.py 	<module>() 	Pair Data Started
[2023-04-24 06:15:03,516] 	INFO 	101 	pair_data.py 	<module>() 	Pair Data Ended
[2023-04-24 06:15:04,414] 	INFO 	38 	bribe_data.py 	<module>() 	Bribe Data Started
[2023-04-24 06:16:03,560] 	INFO 	152 	bribe_data.py 	<module>() 	Bribe Data Ended
[2023-04-24 07:10:00,140] 	INFO 	23 	id_data.py 	<module>() 	ID Data Started
[2023-04-24 07:10:05,455] 	INFO 	74 	id_data.py 	<module>() 	ID Data Ended
[2023-04-24 07:10:50,507] 	INFO 	26 	day_data.py 	<module>() 	Day Data Started
[2023-04-24 07:10:53,322] 	INFO 	68 	day_data.py 	<module>() 	Day Data Ended
[2023-04-24 07:10:54,355] 	INFO 	36 	pair_data.py 	<module>() 	Pair Data Started
[2023-04-24 07:11:02,902] 	INFO 	101 	pair_data.py 	<module>() 	Pair Data Ended
[2023-04-24 07:11:03,792] 	INFO 	38 	bribe_data.py 	<module>() 	Bribe Data Started
[2023-04-24 07:11:56,697] 	INFO 	152 	bribe_data.py 	<module>() 	Bribe Data Ended
[2023-04-24 08:13:36,338] 	INFO 	23 	id_data.py 	<module>() 	ID Data Started
[2023-04-24 08:13:53,402] 	INFO 	74 	id_data.py 	<module>() 	ID Data Ended
[2023-04-24 08:14:36,536] 	INFO 	26 	day_data.py 	<module>() 	Day Data Started
[2023-04-24 08:14:39,782] 	INFO 	68 	day_data.py 	<module>() 	Day Data Ended
[2023-04-24 08:14:40,716] 	INFO 	36 	pair_data.py 	<module>() 	Pair Data Started
[2023-04-24 08:14:52,839] 	INFO 	101 	pair_data.py 	<module>() 	Pair Data Ended
[2023-04-24 08:14:53,743] 	INFO 	38 	bribe_data.py 	<module>() 	Bribe Data Started
[2023-04-24 08:15:48,522] 	INFO 	152 	bribe_data.py 	<module>() 	Bribe Data Ended
[2023-04-24 09:11:49,236] 	INFO 	23 	id_data.py 	<module>() 	ID Data Started
[2023-04-24 09:11:55,146] 	INFO 	74 	id_data.py 	<module>() 	ID Data Ended
[2023-04-24 10:10:59,895] 	INFO 	23 	id_data.py 	<module>() 	ID Data Started
[2023-04-24 10:11:05,388] 	INFO 	74 	id_data.py 	<module>() 	ID Data Ended
