[2023-05-01 00:55:12,296] 	INFO 	23 	id_data.py 	<module>() 	ID Data Started
[2023-05-01 00:55:21,430] 	INFO 	74 	id_data.py 	<module>() 	ID Data Ended
[2023-05-01 00:59:02,545] 	INFO 	26 	day_data.py 	<module>() 	Day Data Started
[2023-05-01 00:59:06,162] 	INFO 	68 	day_data.py 	<module>() 	Day Data Ended
[2023-05-01 00:59:07,061] 	INFO 	36 	pair_data.py 	<module>() 	Pair Data Started
[2023-05-01 00:59:22,997] 	INFO 	101 	pair_data.py 	<module>() 	Pair Data Ended
[2023-05-01 00:59:23,854] 	INFO 	38 	bribe_data.py 	<module>() 	Bribe Data Started
[2023-05-01 01:00:52,869] 	INFO 	152 	bribe_data.py 	<module>() 	Bribe Data Ended
[2023-05-01 02:03:03,708] 	INFO 	23 	id_data.py 	<module>() 	ID Data Started
[2023-05-01 02:03:11,687] 	INFO 	74 	id_data.py 	<module>() 	ID Data Ended
[2023-05-01 02:06:49,591] 	INFO 	26 	day_data.py 	<module>() 	Day Data Started
[2023-05-01 02:06:52,753] 	INFO 	68 	day_data.py 	<module>() 	Day Data Ended
[2023-05-01 02:06:54,144] 	INFO 	36 	pair_data.py 	<module>() 	Pair Data Started
[2023-05-01 02:07:18,721] 	INFO 	101 	pair_data.py 	<module>() 	Pair Data Ended
[2023-05-01 02:07:19,707] 	INFO 	38 	bribe_data.py 	<module>() 	Bribe Data Started
[2023-05-01 02:08:55,725] 	INFO 	152 	bribe_data.py 	<module>() 	Bribe Data Ended
[2023-05-01 03:10:56,242] 	INFO 	23 	id_data.py 	<module>() 	ID Data Started
[2023-05-01 03:11:03,470] 	INFO 	74 	id_data.py 	<module>() 	ID Data Ended
[2023-05-01 04:11:58,014] 	INFO 	23 	id_data.py 	<module>() 	ID Data Started
[2023-05-01 04:12:06,061] 	INFO 	74 	id_data.py 	<module>() 	ID Data Ended
[2023-05-01 04:13:15,030] 	INFO 	26 	day_data.py 	<module>() 	Day Data Started
[2023-05-01 04:13:17,575] 	INFO 	68 	day_data.py 	<module>() 	Day Data Ended
[2023-05-01 04:13:18,883] 	INFO 	36 	pair_data.py 	<module>() 	Pair Data Started
[2023-05-01 04:13:42,803] 	INFO 	101 	pair_data.py 	<module>() 	Pair Data Ended
[2023-05-01 04:13:43,798] 	INFO 	38 	bribe_data.py 	<module>() 	Bribe Data Started
[2023-05-01 04:15:23,493] 	INFO 	152 	bribe_data.py 	<module>() 	Bribe Data Ended
[2023-05-01 05:09:47,777] 	INFO 	23 	id_data.py 	<module>() 	ID Data Started
[2023-05-01 05:09:57,154] 	INFO 	74 	id_data.py 	<module>() 	ID Data Ended
[2023-05-01 06:13:32,527] 	INFO 	23 	id_data.py 	<module>() 	ID Data Started
[2023-05-01 06:13:40,437] 	INFO 	74 	id_data.py 	<module>() 	ID Data Ended
[2023-05-01 06:14:14,618] 	INFO 	26 	day_data.py 	<module>() 	Day Data Started
[2023-05-01 06:14:17,684] 	INFO 	68 	day_data.py 	<module>() 	Day Data Ended
[2023-05-01 06:14:18,786] 	INFO 	36 	pair_data.py 	<module>() 	Pair Data Started
[2023-05-01 06:14:33,439] 	INFO 	101 	pair_data.py 	<module>() 	Pair Data Ended
[2023-05-01 06:14:34,343] 	INFO 	38 	bribe_data.py 	<module>() 	Bribe Data Started
[2023-05-01 06:15:44,298] 	INFO 	152 	bribe_data.py 	<module>() 	Bribe Data Ended
[2023-05-01 07:10:16,534] 	INFO 	23 	id_data.py 	<module>() 	ID Data Started
[2023-05-01 07:10:24,812] 	INFO 	74 	id_data.py 	<module>() 	ID Data Ended
[2023-05-01 08:13:00,060] 	INFO 	23 	id_data.py 	<module>() 	ID Data Started
[2023-05-01 08:13:08,021] 	INFO 	74 	id_data.py 	<module>() 	ID Data Ended
[2023-05-01 08:13:47,270] 	INFO 	26 	day_data.py 	<module>() 	Day Data Started
[2023-05-01 08:13:51,212] 	INFO 	68 	day_data.py 	<module>() 	Day Data Ended
[2023-05-01 08:13:52,196] 	INFO 	36 	pair_data.py 	<module>() 	Pair Data Started
[2023-05-01 08:14:13,014] 	INFO 	101 	pair_data.py 	<module>() 	Pair Data Ended
[2023-05-01 08:14:13,872] 	INFO 	38 	bribe_data.py 	<module>() 	Bribe Data Started
[2023-05-01 08:16:02,832] 	INFO 	152 	bribe_data.py 	<module>() 	Bribe Data Ended
[2023-05-01 09:10:11,440] 	INFO 	23 	id_data.py 	<module>() 	ID Data Started
[2023-05-01 09:10:19,629] 	INFO 	74 	id_data.py 	<module>() 	ID Data Ended
[2023-05-01 09:10:54,394] 	INFO 	26 	day_data.py 	<module>() 	Day Data Started
[2023-05-01 09:10:56,335] 	INFO 	68 	day_data.py 	<module>() 	Day Data Ended
[2023-05-01 09:10:57,817] 	INFO 	36 	pair_data.py 	<module>() 	Pair Data Started
[2023-05-01 09:11:09,290] 	INFO 	101 	pair_data.py 	<module>() 	Pair Data Ended
[2023-05-01 09:11:10,186] 	INFO 	38 	bribe_data.py 	<module>() 	Bribe Data Started
[2023-05-01 09:12:14,752] 	INFO 	152 	bribe_data.py 	<module>() 	Bribe Data Ended
[2023-05-01 10:10:42,811] 	INFO 	23 	id_data.py 	<module>() 	ID Data Started
[2023-05-01 10:10:50,682] 	INFO 	74 	id_data.py 	<module>() 	ID Data Ended
[2023-05-01 10:11:42,257] 	INFO 	26 	day_data.py 	<module>() 	Day Data Started
[2023-05-01 10:11:45,407] 	INFO 	68 	day_data.py 	<module>() 	Day Data Ended
[2023-05-01 10:11:46,843] 	INFO 	36 	pair_data.py 	<module>() 	Pair Data Started
[2023-05-01 10:12:09,146] 	INFO 	101 	pair_data.py 	<module>() 	Pair Data Ended
[2023-05-01 10:12:10,256] 	INFO 	38 	bribe_data.py 	<module>() 	Bribe Data Started
[2023-05-01 10:13:27,366] 	INFO 	152 	bribe_data.py 	<module>() 	Bribe Data Ended
[2023-05-01 11:08:02,062] 	INFO 	23 	id_data.py 	<module>() 	ID Data Started
[2023-05-01 11:08:09,698] 	INFO 	74 	id_data.py 	<module>() 	ID Data Ended
[2023-05-01 11:09:03,126] 	INFO 	26 	day_data.py 	<module>() 	Day Data Started
[2023-05-01 11:09:04,976] 	INFO 	68 	day_data.py 	<module>() 	Day Data Ended
[2023-05-01 11:09:06,328] 	INFO 	36 	pair_data.py 	<module>() 	Pair Data Started
[2023-05-01 11:09:18,418] 	INFO 	101 	pair_data.py 	<module>() 	Pair Data Ended
[2023-05-01 11:09:19,270] 	INFO 	38 	bribe_data.py 	<module>() 	Bribe Data Started
[2023-05-01 11:10:29,875] 	INFO 	152 	bribe_data.py 	<module>() 	Bribe Data Ended
[2023-05-01 12:18:11,002] 	INFO 	23 	id_data.py 	<module>() 	ID Data Started
[2023-05-01 12:18:23,362] 	INFO 	74 	id_data.py 	<module>() 	ID Data Ended
[2023-05-01 12:19:49,494] 	INFO 	26 	day_data.py 	<module>() 	Day Data Started
[2023-05-01 12:19:51,307] 	INFO 	68 	day_data.py 	<module>() 	Day Data Ended
[2023-05-01 12:19:52,284] 	INFO 	36 	pair_data.py 	<module>() 	Pair Data Started
[2023-05-01 12:20:02,638] 	INFO 	101 	pair_data.py 	<module>() 	Pair Data Ended
[2023-05-01 12:20:03,502] 	INFO 	38 	bribe_data.py 	<module>() 	Bribe Data Started
[2023-05-01 12:21:19,794] 	INFO 	152 	bribe_data.py 	<module>() 	Bribe Data Ended
[2023-05-01 13:11:59,459] 	INFO 	23 	id_data.py 	<module>() 	ID Data Started
[2023-05-01 13:12:09,715] 	INFO 	74 	id_data.py 	<module>() 	ID Data Ended
[2023-05-01 13:12:49,846] 	INFO 	26 	day_data.py 	<module>() 	Day Data Started
[2023-05-01 13:12:53,235] 	INFO 	68 	day_data.py 	<module>() 	Day Data Ended
[2023-05-01 13:12:54,150] 	INFO 	36 	pair_data.py 	<module>() 	Pair Data Started
[2023-05-01 13:13:14,209] 	INFO 	101 	pair_data.py 	<module>() 	Pair Data Ended
[2023-05-01 13:13:15,078] 	INFO 	38 	bribe_data.py 	<module>() 	Bribe Data Started
[2023-05-01 13:15:10,846] 	INFO 	152 	bribe_data.py 	<module>() 	Bribe Data Ended
[2023-05-01 14:09:13,316] 	INFO 	23 	id_data.py 	<module>() 	ID Data Started
[2023-05-01 14:09:24,101] 	INFO 	74 	id_data.py 	<module>() 	ID Data Ended
[2023-05-01 15:09:53,268] 	INFO 	23 	id_data.py 	<module>() 	ID Data Started
[2023-05-01 15:10:00,828] 	INFO 	74 	id_data.py 	<module>() 	ID Data Ended
[2023-05-01 15:10:58,296] 	INFO 	26 	day_data.py 	<module>() 	Day Data Started
[2023-05-01 15:11:01,544] 	INFO 	68 	day_data.py 	<module>() 	Day Data Ended
[2023-05-01 15:11:02,744] 	INFO 	36 	pair_data.py 	<module>() 	Pair Data Started
[2023-05-01 15:11:22,039] 	INFO 	101 	pair_data.py 	<module>() 	Pair Data Ended
[2023-05-01 15:11:23,135] 	INFO 	38 	bribe_data.py 	<module>() 	Bribe Data Started
[2023-05-01 15:12:43,617] 	INFO 	152 	bribe_data.py 	<module>() 	Bribe Data Ended
[2023-05-01 16:12:36,817] 	INFO 	23 	id_data.py 	<module>() 	ID Data Started
[2023-05-01 16:12:45,101] 	INFO 	74 	id_data.py 	<module>() 	ID Data Ended
[2023-05-01 16:13:34,644] 	INFO 	26 	day_data.py 	<module>() 	Day Data Started
[2023-05-01 16:13:36,449] 	INFO 	68 	day_data.py 	<module>() 	Day Data Ended
[2023-05-01 16:13:37,460] 	INFO 	36 	pair_data.py 	<module>() 	Pair Data Started
[2023-05-01 16:13:48,339] 	INFO 	101 	pair_data.py 	<module>() 	Pair Data Ended
[2023-05-01 16:13:49,241] 	INFO 	38 	bribe_data.py 	<module>() 	Bribe Data Started
[2023-05-01 16:15:04,420] 	INFO 	152 	bribe_data.py 	<module>() 	Bribe Data Ended
[2023-05-01 17:08:54,201] 	INFO 	23 	id_data.py 	<module>() 	ID Data Started
[2023-05-01 17:09:03,474] 	INFO 	74 	id_data.py 	<module>() 	ID Data Ended
[2023-05-01 17:09:37,835] 	INFO 	26 	day_data.py 	<module>() 	Day Data Started
[2023-05-01 17:09:40,390] 	INFO 	68 	day_data.py 	<module>() 	Day Data Ended
[2023-05-01 17:09:41,473] 	INFO 	36 	pair_data.py 	<module>() 	Pair Data Started
[2023-05-01 17:09:59,096] 	INFO 	101 	pair_data.py 	<module>() 	Pair Data Ended
[2023-05-01 17:10:00,094] 	INFO 	38 	bribe_data.py 	<module>() 	Bribe Data Started
[2023-05-01 17:11:21,255] 	INFO 	152 	bribe_data.py 	<module>() 	Bribe Data Ended
[2023-05-01 18:12:08,687] 	INFO 	23 	id_data.py 	<module>() 	ID Data Started
[2023-05-01 18:12:16,740] 	INFO 	74 	id_data.py 	<module>() 	ID Data Ended
[2023-05-01 18:13:09,983] 	INFO 	26 	day_data.py 	<module>() 	Day Data Started
[2023-05-01 18:13:12,843] 	INFO 	68 	day_data.py 	<module>() 	Day Data Ended
[2023-05-01 18:13:14,158] 	INFO 	36 	pair_data.py 	<module>() 	Pair Data Started
[2023-05-01 18:13:32,576] 	INFO 	101 	pair_data.py 	<module>() 	Pair Data Ended
[2023-05-01 18:13:33,566] 	INFO 	38 	bribe_data.py 	<module>() 	Bribe Data Started
[2023-05-01 18:14:58,954] 	INFO 	152 	bribe_data.py 	<module>() 	Bribe Data Ended
[2023-05-01 19:08:00,347] 	INFO 	23 	id_data.py 	<module>() 	ID Data Started
[2023-05-01 19:08:07,773] 	INFO 	74 	id_data.py 	<module>() 	ID Data Ended
[2023-05-01 20:10:19,313] 	INFO 	23 	id_data.py 	<module>() 	ID Data Started
[2023-05-01 20:10:27,964] 	INFO 	74 	id_data.py 	<module>() 	ID Data Ended
[2023-05-01 20:11:07,349] 	INFO 	26 	day_data.py 	<module>() 	Day Data Started
[2023-05-01 20:11:10,606] 	INFO 	68 	day_data.py 	<module>() 	Day Data Ended
[2023-05-01 20:11:11,902] 	INFO 	36 	pair_data.py 	<module>() 	Pair Data Started
[2023-05-01 20:11:30,394] 	INFO 	101 	pair_data.py 	<module>() 	Pair Data Ended
[2023-05-01 20:11:31,481] 	INFO 	38 	bribe_data.py 	<module>() 	Bribe Data Started
[2023-05-01 20:12:57,815] 	INFO 	152 	bribe_data.py 	<module>() 	Bribe Data Ended
[2023-05-01 21:08:30,167] 	INFO 	23 	id_data.py 	<module>() 	ID Data Started
[2023-05-01 21:08:39,141] 	INFO 	74 	id_data.py 	<module>() 	ID Data Ended
[2023-05-01 21:09:36,926] 	INFO 	26 	day_data.py 	<module>() 	Day Data Started
[2023-05-01 21:09:40,619] 	INFO 	68 	day_data.py 	<module>() 	Day Data Ended
[2023-05-01 21:09:41,975] 	INFO 	36 	pair_data.py 	<module>() 	Pair Data Started
[2023-05-01 21:10:05,629] 	INFO 	101 	pair_data.py 	<module>() 	Pair Data Ended
[2023-05-01 21:10:06,759] 	INFO 	38 	bribe_data.py 	<module>() 	Bribe Data Started
[2023-05-01 21:11:50,837] 	INFO 	152 	bribe_data.py 	<module>() 	Bribe Data Ended
